<?xml version="1.0" encoding="UTF-8"?>
<!-- Generated by org.testng.reporters.JUnitReportReporter -->
<testsuite skipped="0" hostname="DESKTOP-541KTCM" name="com.huspot.tests.LoginPageTest" tests="4" failures="0" timestamp="19 Aug 2020 17:03:45 GMT" time="60.259" errors="0">
  <testcase name="verifyingLoginPageTitle" time="14.094" classname="com.huspot.tests.LoginPageTest"/>
  <testcase name="verifyingSignUpLinkTest" time="14.630" classname="com.huspot.tests.LoginPageTest"/>
  <testcase name="logIntest" time="16.661" classname="com.huspot.tests.LoginPageTest"/>
  <testcase name="checkPravacyLinkTest" time="14.874" classname="com.huspot.tests.LoginPageTest"/>
</testsuite> <!-- com.huspot.tests.LoginPageTest -->
